Build started 12/10/2014 3:14:51 PM.
     1>Project "C:\Users\Sony\Documents\Visual Studio 2013\Projects\Final_Project11\Final_Project11\Final_Project11.vcxproj" on node 2 (Build target(s)).
     1>ClCompile:
         C:\Program Files (x86)\Microsoft Visual Studio 12.0\VC\bin\CL.exe /c /ZI /nologo /W3 /WX- /sdl /Od /Oy- /D _MBCS /Gm /EHsc /RTC1 /MDd /GS /fp:precise /Zc:wchar_t /Zc:forScope /Fo"Debug\\" /Fd"Debug\vc120.pdb" /Gd /TP /analyze- /errorReport:prompt Cell.cpp Source.cpp
         Source.cpp
     1>c:\users\sony\documents\visual studio 2013\projects\final_project11\final_project11\cell.h(49): error C2084: function 'std::string numericCell::tostring(void)' already has a body
                 c:\users\sony\documents\visual studio 2013\projects\final_project11\final_project11\cell.h(17) : see previous definition of 'tostring'
     1>c:\users\sony\documents\visual studio 2013\projects\final_project11\final_project11\cell.h(53): error C2653: 'FunctionCells' : is not a class or namespace name
     1>c:\users\sony\documents\visual studio 2013\projects\final_project11\final_project11\cell.h(55): error C2653: 'FunctionCells' : is not a class or namespace name
     1>c:\users\sony\documents\visual studio 2013\projects\final_project11\final_project11\cell.h(55): error C2065: 'fval' : undeclared identifier
     1>c:\users\sony\documents\visual studio 2013\projects\final_project11\final_project11\cell.h(71): error C2653: 'FunctionCells' : is not a class or namespace name
     1>c:\users\sony\documents\visual studio 2013\projects\final_project11\final_project11\cell.h(72): error C2084: function 'std::string tostring(void)' already has a body
                 c:\users\sony\documents\visual studio 2013\projects\final_project11\final_project11\cell.h(53) : see previous definition of 'tostring'
     1>c:\users\sony\documents\visual studio 2013\projects\final_project11\final_project11\cell.h(73): error C2065: 'contents_function' : undeclared identifier
         Generating Code...
         Skipping... (no relevant changes detected)
         Cell.cpp
     1>Done Building Project "C:\Users\Sony\Documents\Visual Studio 2013\Projects\Final_Project11\Final_Project11\Final_Project11.vcxproj" (Build target(s)) -- FAILED.

Build FAILED.

Time Elapsed 00:00:01.77
